mode: set
github.com/alknopfler/seactl/main.go:15.14,17.2 0 1
github.com/alknopfler/seactl/main.go:19.13,21.42 2 0
github.com/alknopfler/seactl/main.go:21.42,23.3 1 0
github.com/alknopfler/seactl/main.go:26.34,37.48 1 1
github.com/alknopfler/seactl/main.go:37.48,40.4 2 1
github.com/alknopfler/seactl/main.go:44.2,48.10 3 1
github.com/alknopfler/seactl/cmd/airgap.go:24.40,28.55 1 1
github.com/alknopfler/seactl/cmd/airgap.go:28.55,33.52 2 1
github.com/alknopfler/seactl/cmd/airgap.go:33.52,35.5 1 0
github.com/alknopfler/seactl/cmd/airgap.go:38.4,38.63 1 1
github.com/alknopfler/seactl/cmd/airgap.go:38.63,40.5 1 1
github.com/alknopfler/seactl/cmd/airgap.go:43.4,43.111 1 1
github.com/alknopfler/seactl/cmd/airgap.go:43.111,45.5 1 1
github.com/alknopfler/seactl/cmd/airgap.go:48.4,52.5 1 1
github.com/alknopfler/seactl/cmd/airgap.go:56.2,74.10 16 1
github.com/alknopfler/seactl/pkg/logger/logger.go:12.46,13.10 1 1
github.com/alknopfler/seactl/pkg/logger/logger.go:13.10,15.2 1 1
github.com/alknopfler/seactl/pkg/logger/logger.go:18.46,20.2 1 1
github.com/alknopfler/seactl/pkg/logger/logger.go:22.32,24.2 1 1
github.com/alknopfler/seactl/pkg/logger/logger.go:26.30,28.2 1 1
github.com/alknopfler/seactl/pkg/logger/logger.go:30.46,32.2 1 1
github.com/alknopfler/seactl/pkg/helm/helm.go:30.74,38.2 1 1
github.com/alknopfler/seactl/pkg/helm/helm.go:40.33,44.42 2 1
github.com/alknopfler/seactl/pkg/helm/helm.go:44.42,47.3 1 1
github.com/alknopfler/seactl/pkg/helm/helm.go:47.8,48.18 1 1
github.com/alknopfler/seactl/pkg/helm/helm.go:48.18,50.4 1 1
github.com/alknopfler/seactl/pkg/helm/helm.go:53.3,58.4 1 1
github.com/alknopfler/seactl/pkg/helm/helm.go:61.2,63.18 2 1
github.com/alknopfler/seactl/pkg/helm/helm.go:63.18,67.3 3 0
github.com/alknopfler/seactl/pkg/helm/helm.go:67.8,70.3 2 1
github.com/alknopfler/seactl/pkg/helm/helm.go:72.2,72.34 1 1
github.com/alknopfler/seactl/pkg/helm/helm.go:72.34,75.3 2 1
github.com/alknopfler/seactl/pkg/helm/helm.go:77.2,78.12 2 1
github.com/alknopfler/seactl/pkg/helm/helm.go:81.31,84.16 3 1
github.com/alknopfler/seactl/pkg/helm/helm.go:84.16,87.3 2 1
github.com/alknopfler/seactl/pkg/helm/helm.go:88.2,88.12 1 1
github.com/alknopfler/seactl/pkg/helm/helm.go:91.31,93.16 2 1
github.com/alknopfler/seactl/pkg/helm/helm.go:93.16,96.3 2 0
github.com/alknopfler/seactl/pkg/helm/helm.go:98.2,101.16 3 1
github.com/alknopfler/seactl/pkg/helm/helm.go:101.16,103.3 1 1
github.com/alknopfler/seactl/pkg/helm/helm.go:103.8,103.39 1 1
github.com/alknopfler/seactl/pkg/helm/helm.go:103.39,105.3 1 1
github.com/alknopfler/seactl/pkg/helm/helm.go:107.2,108.18 2 1
github.com/alknopfler/seactl/pkg/helm/helm.go:108.18,112.3 3 0
github.com/alknopfler/seactl/pkg/helm/helm.go:114.2,115.16 2 1
github.com/alknopfler/seactl/pkg/helm/helm.go:115.16,118.3 2 1
github.com/alknopfler/seactl/pkg/helm/helm.go:119.2,121.12 3 1
github.com/alknopfler/seactl/pkg/helm/helm.go:124.54,134.16 6 1
github.com/alknopfler/seactl/pkg/helm/helm.go:134.16,136.3 1 0
github.com/alknopfler/seactl/pkg/helm/helm.go:138.2,138.23 1 1
github.com/alknopfler/seactl/pkg/helm/helm.go:138.23,142.17 3 1
github.com/alknopfler/seactl/pkg/helm/helm.go:142.17,144.4 1 0
github.com/alknopfler/seactl/pkg/helm/helm.go:147.2,148.23 2 1
github.com/alknopfler/seactl/pkg/helm/helm.go:148.23,150.3 1 1
github.com/alknopfler/seactl/pkg/helm/helm.go:151.2,151.22 1 1
github.com/alknopfler/seactl/pkg/helm/helm.go:151.22,153.3 1 0
github.com/alknopfler/seactl/pkg/helm/helm.go:154.2,154.24 1 1
github.com/alknopfler/seactl/pkg/registry/registry.go:36.78,38.16 2 1
github.com/alknopfler/seactl/pkg/registry/registry.go:38.16,40.3 1 0
github.com/alknopfler/seactl/pkg/registry/registry.go:42.2,42.48 1 1
github.com/alknopfler/seactl/pkg/registry/registry.go:42.48,44.23 2 1
github.com/alknopfler/seactl/pkg/registry/registry.go:44.23,46.46 2 1
github.com/alknopfler/seactl/pkg/registry/registry.go:46.46,48.53 2 1
github.com/alknopfler/seactl/pkg/registry/registry.go:48.53,53.6 4 1
github.com/alknopfler/seactl/pkg/registry/registry.go:57.2,57.18 1 0
github.com/alknopfler/seactl/pkg/registry/registry.go:65.89,72.2 1 1
github.com/alknopfler/seactl/pkg/registry/registry.go:74.46,79.16 4 1
github.com/alknopfler/seactl/pkg/registry/registry.go:79.16,80.37 1 1
github.com/alknopfler/seactl/pkg/registry/registry.go:80.37,82.4 1 1
github.com/alknopfler/seactl/pkg/registry/registry.go:85.2,85.24 1 1
github.com/alknopfler/seactl/pkg/registry/registry.go:85.24,87.3 1 1
github.com/alknopfler/seactl/pkg/registry/registry.go:87.8,87.35 1 1
github.com/alknopfler/seactl/pkg/registry/registry.go:87.35,89.3 1 0
github.com/alknopfler/seactl/pkg/registry/registry.go:90.2,93.16 3 1
github.com/alknopfler/seactl/pkg/registry/registry.go:93.16,96.3 2 1
github.com/alknopfler/seactl/pkg/registry/registry.go:97.2,98.12 2 1
github.com/alknopfler/seactl/pkg/registry/registry.go:101.42,105.24 3 1
github.com/alknopfler/seactl/pkg/registry/registry.go:105.24,107.3 1 1
github.com/alknopfler/seactl/pkg/registry/registry.go:107.8,107.35 1 1
github.com/alknopfler/seactl/pkg/registry/registry.go:107.35,110.17 2 1
github.com/alknopfler/seactl/pkg/registry/registry.go:110.17,112.4 1 1
github.com/alknopfler/seactl/pkg/registry/registry.go:115.3,117.33 3 0
github.com/alknopfler/seactl/pkg/registry/registry.go:120.2,125.16 3 1
github.com/alknopfler/seactl/pkg/registry/registry.go:125.16,127.3 1 1
github.com/alknopfler/seactl/pkg/registry/registry.go:129.2,148.16 7 1
github.com/alknopfler/seactl/pkg/registry/registry.go:148.16,150.3 1 0
github.com/alknopfler/seactl/pkg/registry/registry.go:152.2,153.16 2 1
github.com/alknopfler/seactl/pkg/registry/registry.go:153.16,155.3 1 1
github.com/alknopfler/seactl/pkg/registry/registry.go:157.2,158.12 2 1
github.com/alknopfler/seactl/pkg/registry/registry.go:161.60,164.16 2 1
github.com/alknopfler/seactl/pkg/registry/registry.go:164.16,166.3 1 1
github.com/alknopfler/seactl/pkg/registry/registry.go:169.2,170.21 2 1
github.com/alknopfler/seactl/pkg/registry/registry.go:170.21,172.3 1 1
github.com/alknopfler/seactl/pkg/registry/registry.go:175.2,176.16 2 1
github.com/alknopfler/seactl/pkg/registry/registry.go:176.16,178.3 1 1
github.com/alknopfler/seactl/pkg/registry/registry.go:179.2,180.16 2 1
github.com/alknopfler/seactl/pkg/registry/registry.go:180.16,182.3 1 0
github.com/alknopfler/seactl/pkg/registry/registry.go:185.2,185.50 1 1
github.com/alknopfler/seactl/pkg/registry/registry.go:188.66,191.24 2 1
github.com/alknopfler/seactl/pkg/registry/registry.go:191.24,193.3 1 0
github.com/alknopfler/seactl/pkg/registry/registry.go:193.8,193.35 1 1
github.com/alknopfler/seactl/pkg/registry/registry.go:193.35,195.17 2 1
github.com/alknopfler/seactl/pkg/registry/registry.go:195.17,197.4 1 0
github.com/alknopfler/seactl/pkg/registry/registry.go:198.3,200.33 3 1
github.com/alknopfler/seactl/pkg/registry/registry.go:203.2,215.67 6 1
github.com/alknopfler/seactl/pkg/registry/registry.go:215.68,217.3 0 0
github.com/alknopfler/seactl/pkg/registry/registry.go:219.2,220.41 2 1
github.com/alknopfler/seactl/pkg/registry/registry.go:220.41,222.3 1 1
github.com/alknopfler/seactl/pkg/registry/registry.go:223.2,226.16 3 1
github.com/alknopfler/seactl/pkg/registry/registry.go:226.16,228.3 1 0
github.com/alknopfler/seactl/pkg/registry/registry.go:229.2,232.16 3 1
github.com/alknopfler/seactl/pkg/registry/registry.go:232.16,234.3 1 0
github.com/alknopfler/seactl/pkg/registry/registry.go:236.2,238.16 3 1
github.com/alknopfler/seactl/pkg/registry/registry.go:238.16,241.3 2 1
github.com/alknopfler/seactl/pkg/registry/registry.go:242.2,244.44 2 0
github.com/alknopfler/seactl/pkg/registry/registry.go:244.44,247.3 2 0
github.com/alknopfler/seactl/pkg/registry/registry.go:249.2,249.43 1 0
github.com/alknopfler/seactl/pkg/registry/registry.go:249.43,251.3 1 0
github.com/alknopfler/seactl/pkg/registry/registry.go:251.8,251.51 1 0
github.com/alknopfler/seactl/pkg/registry/registry.go:251.51,253.3 1 0
github.com/alknopfler/seactl/pkg/registry/registry.go:253.8,255.3 1 0
github.com/alknopfler/seactl/pkg/registry/registry.go:256.2,256.12 1 0
github.com/alknopfler/seactl/pkg/images/images.go:32.90,38.2 1 1
github.com/alknopfler/seactl/pkg/images/images.go:40.35,43.16 3 1
github.com/alknopfler/seactl/pkg/images/images.go:43.16,46.3 2 1
github.com/alknopfler/seactl/pkg/images/images.go:48.2,51.80 3 1
github.com/alknopfler/seactl/pkg/images/images.go:51.80,53.17 2 0
github.com/alknopfler/seactl/pkg/images/images.go:53.17,60.4 3 0
github.com/alknopfler/seactl/pkg/images/images.go:60.9,62.4 1 0
github.com/alknopfler/seactl/pkg/images/images.go:65.2,66.16 2 1
github.com/alknopfler/seactl/pkg/images/images.go:66.16,69.3 2 1
github.com/alknopfler/seactl/pkg/images/images.go:71.2,73.12 3 1
github.com/alknopfler/seactl/pkg/images/images.go:76.33,79.2 1 1
github.com/alknopfler/seactl/pkg/images/images.go:81.33,83.16 2 1
github.com/alknopfler/seactl/pkg/images/images.go:83.16,85.3 1 1
github.com/alknopfler/seactl/pkg/images/images.go:87.2,88.16 2 1
github.com/alknopfler/seactl/pkg/images/images.go:88.16,90.3 1 0
github.com/alknopfler/seactl/pkg/images/images.go:92.2,93.16 2 1
github.com/alknopfler/seactl/pkg/images/images.go:93.16,95.3 1 0
github.com/alknopfler/seactl/pkg/images/images.go:97.2,99.16 3 1
github.com/alknopfler/seactl/pkg/images/images.go:99.16,101.3 1 1
github.com/alknopfler/seactl/pkg/images/images.go:103.2,104.12 2 1
github.com/alknopfler/seactl/pkg/images/images.go:107.83,111.27 3 1
github.com/alknopfler/seactl/pkg/images/images.go:112.16,113.90 1 1
github.com/alknopfler/seactl/pkg/images/images.go:114.19,115.96 1 1
github.com/alknopfler/seactl/pkg/images/images.go:116.10,117.41 1 0
github.com/alknopfler/seactl/pkg/images/images.go:121.59,125.16 2 1
github.com/alknopfler/seactl/pkg/images/images.go:125.16,127.3 1 0
github.com/alknopfler/seactl/pkg/images/images.go:127.8,127.39 1 1
github.com/alknopfler/seactl/pkg/images/images.go:127.39,130.17 2 1
github.com/alknopfler/seactl/pkg/images/images.go:130.17,132.4 1 1
github.com/alknopfler/seactl/pkg/images/images.go:135.3,137.33 3 0
github.com/alknopfler/seactl/pkg/images/images.go:140.2,145.16 3 1
github.com/alknopfler/seactl/pkg/images/images.go:145.16,147.3 1 1
github.com/alknopfler/seactl/pkg/images/images.go:150.2,161.24 3 1
github.com/alknopfler/seactl/pkg/config/config.go:25.90,29.23 2 1
github.com/alknopfler/seactl/pkg/config/config.go:29.23,32.3 1 1
github.com/alknopfler/seactl/pkg/config/config.go:32.8,32.33 1 1
github.com/alknopfler/seactl/pkg/config/config.go:32.33,35.3 1 1
github.com/alknopfler/seactl/pkg/config/config.go:35.8,37.3 1 1
github.com/alknopfler/seactl/pkg/config/config.go:40.2,41.16 2 1
github.com/alknopfler/seactl/pkg/config/config.go:41.16,44.3 2 0
github.com/alknopfler/seactl/pkg/config/config.go:46.2,47.16 2 1
github.com/alknopfler/seactl/pkg/config/config.go:47.16,50.3 2 0
github.com/alknopfler/seactl/pkg/config/config.go:53.2,54.78 2 1
github.com/alknopfler/seactl/pkg/config/config.go:54.78,57.3 2 1
github.com/alknopfler/seactl/pkg/config/config.go:58.2,59.74 2 1
github.com/alknopfler/seactl/pkg/config/config.go:59.74,62.3 2 1
github.com/alknopfler/seactl/pkg/config/config.go:64.2,64.46 1 1
github.com/alknopfler/seactl/pkg/config/config.go:67.80,69.70 1 1
github.com/alknopfler/seactl/pkg/config/config.go:69.70,71.3 1 1
github.com/alknopfler/seactl/pkg/config/config.go:74.2,75.16 2 1
github.com/alknopfler/seactl/pkg/config/config.go:75.16,77.3 1 1
github.com/alknopfler/seactl/pkg/config/config.go:78.2,84.34 5 1
github.com/alknopfler/seactl/pkg/config/config.go:84.34,87.3 2 1
github.com/alknopfler/seactl/pkg/config/config.go:90.2,94.6 3 0
github.com/alknopfler/seactl/pkg/config/config.go:94.6,96.17 2 0
github.com/alknopfler/seactl/pkg/config/config.go:96.17,98.4 1 0
github.com/alknopfler/seactl/pkg/config/config.go:99.3,99.37 1 0
github.com/alknopfler/seactl/pkg/config/config.go:99.37,101.61 2 0
github.com/alknopfler/seactl/pkg/config/config.go:101.61,103.5 1 0
github.com/alknopfler/seactl/pkg/config/config.go:104.4,104.35 1 0
github.com/alknopfler/seactl/pkg/rke2/rke2.go:38.50,44.2 1 1
github.com/alknopfler/seactl/pkg/rke2/rke2.go:46.33,48.69 1 1
github.com/alknopfler/seactl/pkg/rke2/rke2.go:48.69,51.3 2 1
github.com/alknopfler/seactl/pkg/rke2/rke2.go:54.2,54.91 1 1
github.com/alknopfler/seactl/pkg/rke2/rke2.go:54.91,56.3 1 1
github.com/alknopfler/seactl/pkg/rke2/rke2.go:59.2,59.39 1 1
github.com/alknopfler/seactl/pkg/rke2/rke2.go:59.39,60.130 1 1
github.com/alknopfler/seactl/pkg/rke2/rke2.go:60.130,62.4 1 1
github.com/alknopfler/seactl/pkg/rke2/rke2.go:64.2,64.12 1 1
github.com/alknopfler/seactl/pkg/rke2/rke2.go:67.31,69.39 1 1
github.com/alknopfler/seactl/pkg/rke2/rke2.go:69.39,71.54 2 1
github.com/alknopfler/seactl/pkg/rke2/rke2.go:71.54,74.4 2 1
github.com/alknopfler/seactl/pkg/rke2/rke2.go:75.3,75.61 1 1
github.com/alknopfler/seactl/pkg/rke2/rke2.go:77.2,77.12 1 1
github.com/alknopfler/seactl/pkg/rke2/rke2.go:80.31,84.2 1 1
github.com/alknopfler/seactl/pkg/rke2/rke2.go:86.48,88.2 1 1
github.com/alknopfler/seactl/pkg/rke2/rke2.go:90.45,91.34 1 1
github.com/alknopfler/seactl/pkg/rke2/rke2.go:91.34,93.3 1 1
github.com/alknopfler/seactl/pkg/rke2/rke2.go:94.2,94.12 1 1
github.com/alknopfler/seactl/pkg/rke2/rke2.go:97.59,99.16 2 1
github.com/alknopfler/seactl/pkg/rke2/rke2.go:99.16,102.3 2 1
github.com/alknopfler/seactl/pkg/rke2/rke2.go:104.2,104.38 1 1
github.com/alknopfler/seactl/pkg/rke2/rke2.go:104.38,107.3 2 1
github.com/alknopfler/seactl/pkg/rke2/rke2.go:110.2,112.16 2 1
github.com/alknopfler/seactl/pkg/rke2/rke2.go:112.16,115.3 2 1
github.com/alknopfler/seactl/pkg/rke2/rke2.go:116.2,117.16 2 1
github.com/alknopfler/seactl/pkg/rke2/rke2.go:117.16,120.3 2 0
github.com/alknopfler/seactl/pkg/rke2/rke2.go:121.2,125.12 4 1
github.com/alknopfler/seactl/pkg/airgap/manager.go:25.37,26.49 1 0
github.com/alknopfler/seactl/pkg/airgap/manager.go:26.49,28.3 1 0
github.com/alknopfler/seactl/pkg/airgap/manager.go:29.2,29.12 1 0
github.com/alknopfler/seactl/pkg/airgap/manager.go:42.9,49.16 6 1
github.com/alknopfler/seactl/pkg/airgap/manager.go:49.16,51.3 1 1
github.com/alknopfler/seactl/pkg/airgap/manager.go:53.2,56.13 3 1
github.com/alknopfler/seactl/pkg/airgap/manager.go:56.13,57.45 1 0
github.com/alknopfler/seactl/pkg/airgap/manager.go:57.45,59.4 1 0
github.com/alknopfler/seactl/pkg/airgap/manager.go:60.3,60.60 1 0
github.com/alknopfler/seactl/pkg/airgap/manager.go:60.60,62.4 1 0
github.com/alknopfler/seactl/pkg/airgap/manager.go:63.3,63.49 1 0
github.com/alknopfler/seactl/pkg/airgap/manager.go:63.49,65.4 1 0
github.com/alknopfler/seactl/pkg/airgap/manager.go:68.3,68.36 1 0
github.com/alknopfler/seactl/pkg/airgap/manager.go:71.2,71.12 1 1
github.com/alknopfler/seactl/pkg/airgap/manager.go:71.12,73.17 2 1
github.com/alknopfler/seactl/pkg/airgap/manager.go:73.17,75.4 1 0
github.com/alknopfler/seactl/pkg/airgap/manager.go:76.3,76.12 1 1
github.com/alknopfler/seactl/pkg/airgap/manager.go:79.2,79.12 1 1
github.com/alknopfler/seactl/pkg/airgap/manager.go:79.12,81.17 2 1
github.com/alknopfler/seactl/pkg/airgap/manager.go:81.17,83.4 1 0
github.com/alknopfler/seactl/pkg/airgap/manager.go:84.3,84.12 1 1
github.com/alknopfler/seactl/pkg/airgap/manager.go:87.2,87.12 1 1
github.com/alknopfler/seactl/pkg/airgap/manager.go:87.12,89.17 2 1
github.com/alknopfler/seactl/pkg/airgap/manager.go:89.17,91.4 1 0
github.com/alknopfler/seactl/pkg/airgap/manager.go:92.3,92.12 1 1
github.com/alknopfler/seactl/pkg/airgap/manager.go:95.2,95.12 1 1
github.com/alknopfler/seactl/pkg/airgap/manager.go:95.12,98.3 2 1
github.com/alknopfler/seactl/pkg/airgap/manager.go:100.2,100.9 1 1
github.com/alknopfler/seactl/pkg/airgap/manager.go:101.16,102.13 1 1
github.com/alknopfler/seactl/pkg/airgap/manager.go:103.27,106.13 3 0
github.com/alknopfler/seactl/pkg/airgap/manager.go:110.112,112.13 2 1
github.com/alknopfler/seactl/pkg/airgap/manager.go:112.13,113.38 1 1
github.com/alknopfler/seactl/pkg/airgap/manager.go:113.38,115.4 1 1
github.com/alknopfler/seactl/pkg/airgap/manager.go:116.3,116.36 1 0
github.com/alknopfler/seactl/pkg/airgap/manager.go:116.36,118.4 1 0
github.com/alknopfler/seactl/pkg/airgap/manager.go:119.8,121.3 1 1
github.com/alknopfler/seactl/pkg/airgap/manager.go:122.2,123.12 2 1
github.com/alknopfler/seactl/pkg/airgap/manager.go:126.147,127.71 1 1
github.com/alknopfler/seactl/pkg/airgap/manager.go:127.71,129.14 2 1
github.com/alknopfler/seactl/pkg/airgap/manager.go:129.14,130.39 1 1
github.com/alknopfler/seactl/pkg/airgap/manager.go:130.39,132.5 1 1
github.com/alknopfler/seactl/pkg/airgap/manager.go:133.4,133.37 1 0
github.com/alknopfler/seactl/pkg/airgap/manager.go:133.37,135.5 1 0
github.com/alknopfler/seactl/pkg/airgap/manager.go:136.4,136.28 1 0
github.com/alknopfler/seactl/pkg/airgap/manager.go:136.28,138.5 1 0
github.com/alknopfler/seactl/pkg/airgap/manager.go:139.4,139.37 1 0
github.com/alknopfler/seactl/pkg/airgap/manager.go:139.37,141.5 1 0
github.com/alknopfler/seactl/pkg/airgap/manager.go:142.4,142.106 1 0
github.com/alknopfler/seactl/pkg/airgap/manager.go:143.9,146.4 2 1
github.com/alknopfler/seactl/pkg/airgap/manager.go:148.2,149.12 2 1
github.com/alknopfler/seactl/pkg/airgap/manager.go:152.147,153.46 1 1
github.com/alknopfler/seactl/pkg/airgap/manager.go:153.46,155.14 2 1
github.com/alknopfler/seactl/pkg/airgap/manager.go:155.14,156.41 1 1
github.com/alknopfler/seactl/pkg/airgap/manager.go:156.41,158.5 1 1
github.com/alknopfler/seactl/pkg/airgap/manager.go:159.4,159.39 1 0
github.com/alknopfler/seactl/pkg/airgap/manager.go:159.39,161.5 1 0
github.com/alknopfler/seactl/pkg/airgap/manager.go:162.4,162.28 1 0
github.com/alknopfler/seactl/pkg/airgap/manager.go:162.28,164.5 1 0
github.com/alknopfler/seactl/pkg/airgap/manager.go:165.4,167.39 3 0
github.com/alknopfler/seactl/pkg/airgap/manager.go:167.39,169.5 1 0
github.com/alknopfler/seactl/pkg/airgap/manager.go:170.9,173.4 2 1
github.com/alknopfler/seactl/pkg/airgap/manager.go:175.2,176.12 2 1
